# JRE version: Java(TM) SE Runtime Environment (8.0_05-b13) (build 1.8.0_05-b13)
# Java VM: Java HotSpot(TM) 64-Bit Server VM (25.5-b02 mixed mode linux-amd64 compressed oops)
Heap:
 PSYoungGen      total 277504K, used 29659K [0x00000000eba00000, 0x0000000100000000, 0x0000000100000000)
  eden space 246784K, 0% used [0x00000000eba00000,0x00000000eba00000,0x00000000fab00000)
  from space 30720K, 96% used [0x00000000fe200000,0x00000000ffef6ef8,0x0000000100000000)
  to   space 43520K, 0% used [0x00000000fab00000,0x00000000fab00000,0x00000000fd580000)
 ParOldGen       total 138752K, used 138257K [0x00000000c2e00000, 0x00000000cb580000, 0x00000000eba00000)
  object space 138752K, 99% used [0x00000000c2e00000,0x00000000cb504748,0x00000000cb580000)
 Metaspace       used 4742K, capacity 5320K, committed 5504K, reserved 1056768K
  class space    used 541K, capacity 564K, committed 640K, reserved 1048576K
GC Heap History (10 events):
Event: 76.999 GC heap after
Heap after GC invocations=47 (full 6):
 PSYoungGen      total 310272K, used 22512K [0x00000000eba00000, 0x0000000100000000, 0x0000000100000000)
  eden space 287744K, 0% used [0x00000000eba00000,0x00000000eba00000,0x00000000fd300000)
  from space 22528K, 99% used [0x00000000fd300000,0x00000000fe8fc020,0x00000000fe900000)
  to   space 23552K, 0% used [0x00000000fe900000,0x00000000fe900000,0x0000000100000000)
 ParOldGen       total 120320K, used 111428K [0x00000000c2e00000, 0x00000000ca380000, 0x00000000eba00000)
  object space 120320K, 92% used [0x00000000c2e00000,0x00000000c9ad1318,0x00000000ca380000)
 Metaspace       used 4742K, capacity 5320K, committed 5504K, reserved 1056768K
  class space    used 541K, capacity 564K, committed 640K, reserved 1048576K
}
Event: 76.999 GC heap before
{Heap before GC invocations=48 (full 7):
 PSYoungGen      total 310272K, used 22512K [0x00000000eba00000, 0x0000000100000000, 0x0000000100000000)
  eden space 287744K, 0% used [0x00000000eba00000,0x00000000eba00000,0x00000000fd300000)
  from space 22528K, 99% used [0x00000000fd300000,0x00000000fe8fc020,0x00000000fe900000)
  to   space 23552K, 0% used [0x00000000fe900000,0x00000000fe900000,0x0000000100000000)
 ParOldGen       total 120320K, used 111428K [0x00000000c2e00000, 0x00000000ca380000, 0x00000000eba00000)
  object space 120320K, 92% used [0x00000000c2e00000,0x00000000c9ad1318,0x00000000ca380000)
 Metaspace       used 4742K, capacity 5320K, committed 5504K, reserved 1056768K
  class space    used 541K, capacity 564K, committed 640K, reserved 1048576K
Event: 77.579 GC heap after
Heap after GC invocations=48 (full 7):
 PSYoungGen      total 310272K, used 13785K [0x00000000eba00000, 0x0000000100000000, 0x0000000100000000)
  eden space 287744K, 0% used [0x00000000eba00000,0x00000000eba00000,0x00000000fd300000)
  from space 22528K, 61% used [0x00000000fd300000,0x00000000fe0765f0,0x00000000fe900000)
  to   space 23552K, 0% used [0x00000000fe900000,0x00000000fe900000,0x0000000100000000)
 ParOldGen       total 138752K, used 120067K [0x00000000c2e00000, 0x00000000cb580000, 0x00000000eba00000)
  object space 138752K, 86% used [0x00000000c2e00000,0x00000000ca340fd8,0x00000000cb580000)
 Metaspace       used 4742K, capacity 5320K, committed 5504K, reserved 1056768K
  class space    used 541K, capacity 564K, committed 640K, reserved 1048576K
}
Event: 78.220 GC heap before
{Heap before GC invocations=49 (full 7):
 PSYoungGen      total 310272K, used 301529K [0x00000000eba00000, 0x0000000100000000, 0x0000000100000000)
  eden space 287744K, 100% used [0x00000000eba00000,0x00000000fd300000,0x00000000fd300000)
  from space 22528K, 61% used [0x00000000fd300000,0x00000000fe0765f0,0x00000000fe900000)
  to   space 23552K, 0% used [0x00000000fe900000,0x00000000fe900000,0x0000000100000000)
 ParOldGen       total 138752K, used 120067K [0x00000000c2e00000, 0x00000000cb580000, 0x00000000eba00000)
  object space 138752K, 86% used [0x00000000c2e00000,0x00000000ca340fd8,0x00000000cb580000)
 Metaspace       used 4742K, capacity 5320K, committed 5504K, reserved 1056768K
  class space    used 541K, capacity 564K, committed 640K, reserved 1048576K
Event: 78.260 GC heap after
Heap after GC invocations=49 (full 7):
 PSYoungGen      total 296960K, used 19296K [0x00000000eba00000, 0x0000000100000000, 0x0000000100000000)
  eden space 273408K, 0% used [0x00000000eba00000,0x00000000eba00000,0x00000000fc500000)
  from space 23552K, 81% used [0x00000000fe900000,0x00000000ffbd8010,0x0000000100000000)
  to   space 30208K, 0% used [0x00000000fc500000,0x00000000fc500000,0x00000000fe280000)
 ParOldGen       total 138752K, used 126059K [0x00000000c2e00000, 0x00000000cb580000, 0x00000000eba00000)
  object space 138752K, 90% used [0x00000000c2e00000,0x00000000ca91afd8,0x00000000cb580000)
 Metaspace       used 4742K, capacity 5320K, committed 5504K, reserved 1056768K
  class space    used 541K, capacity 564K, committed 640K, reserved 1048576K
}
Event: 80.082 GC heap before
{Heap before GC invocations=50 (full 7):
 PSYoungGen      total 296960K, used 292704K [0x00000000eba00000, 0x0000000100000000, 0x0000000100000000)
  eden space 273408K, 100% used [0x00000000eba00000,0x00000000fc500000,0x00000000fc500000)
  from space 23552K, 81% used [0x00000000fe900000,0x00000000ffbd8010,0x0000000100000000)
  to   space 30208K, 0% used [0x00000000fc500000,0x00000000fc500000,0x00000000fe280000)
 ParOldGen       total 138752K, used 126059K [0x00000000c2e00000, 0x00000000cb580000, 0x00000000eba00000)
  object space 138752K, 90% used [0x00000000c2e00000,0x00000000ca91afd8,0x00000000cb580000)
 Metaspace       used 4742K, capacity 5320K, committed 5504K, reserved 1056768K
  class space    used 541K, capacity 564K, committed 640K, reserved 1048576K
Event: 81.129 GC heap after
Heap after GC invocations=50 (full 7):
 PSYoungGen      total 303104K, used 29648K [0x00000000eba00000, 0x0000000100000000, 0x0000000100000000)
  eden space 273408K, 0% used [0x00000000eba00000,0x00000000eba00000,0x00000000fc500000)
  from space 29696K, 99% used [0x00000000fc500000,0x00000000fe1f4020,0x00000000fe200000)
  to   space 30720K, 0% used [0x00000000fe200000,0x00000000fe200000,0x0000000100000000)
 ParOldGen       total 138752K, used 126059K [0x00000000c2e00000, 0x00000000cb580000, 0x00000000eba00000)
  object space 138752K, 90% used [0x00000000c2e00000,0x00000000ca91afd8,0x00000000cb580000)
 Metaspace       used 4742K, capacity 5320K, committed 5504K, reserved 1056768K
  class space    used 541K, capacity 564K, committed 640K, reserved 1048576K
}
Event: 82.945 GC heap before
{Heap before GC invocations=51 (full 7):
 PSYoungGen      total 303104K, used 303056K [0x00000000eba00000, 0x0000000100000000, 0x0000000100000000)
  eden space 273408K, 100% used [0x00000000eba00000,0x00000000fc500000,0x00000000fc500000)
  from space 29696K, 99% used [0x00000000fc500000,0x00000000fe1f4020,0x00000000fe200000)
  to   space 30720K, 0% used [0x00000000fe200000,0x00000000fe200000,0x0000000100000000)
 ParOldGen       total 138752K, used 126059K [0x00000000c2e00000, 0x00000000cb580000, 0x00000000eba00000)
  object space 138752K, 90% used [0x00000000c2e00000,0x00000000ca91afd8,0x00000000cb580000)
 Metaspace       used 4742K, capacity 5320K, committed 5504K, reserved 1056768K
  class space    used 541K, capacity 564K, committed 640K, reserved 1048576K
Event: 82.979 GC heap after
Heap after GC invocations=51 (full 7):
 PSYoungGen      total 277504K, used 30704K [0x00000000eba00000, 0x0000000100000000, 0x0000000100000000)
  eden space 246784K, 0% used [0x00000000eba00000,0x00000000eba00000,0x00000000fab00000)
  from space 30720K, 99% used [0x00000000fe200000,0x00000000ffffc020,0x0000000100000000)
  to   space 43520K, 0% used [0x00000000fab00000,0x00000000fab00000,0x00000000fd580000)
 ParOldGen       total 138752K, used 137315K [0x00000000c2e00000, 0x00000000cb580000, 0x00000000eba00000)
  object space 138752K, 98% used [0x00000000c2e00000,0x00000000cb418fd8,0x00000000cb580000)
 Metaspace       used 4742K, capacity 5320K, committed 5504K, reserved 1056768K
  class space    used 541K, capacity 564K, committed 640K, reserved 1048576K
}
Event: 82.996 GC heap before
{Heap before GC invocations=52 (full 8):
 PSYoungGen      total 277504K, used 30704K [0x00000000eba00000, 0x0000000100000000, 0x0000000100000000)
  eden space 246784K, 0% used [0x00000000eba00000,0x00000000eba00000,0x00000000fab00000)
  from space 30720K, 99% used [0x00000000fe200000,0x00000000ffffc020,0x0000000100000000)
  to   space 43520K, 0% used [0x00000000fab00000,0x00000000fab00000,0x00000000fd580000)
 ParOldGen       total 138752K, used 137315K [0x00000000c2e00000, 0x00000000cb580000, 0x00000000eba00000)
  object space 138752K, 98% used [0x00000000c2e00000,0x00000000cb418fd8,0x00000000cb580000)
 Metaspace       used 4742K, capacity 5320K, committed 5504K, reserved 1056768K
  class space    used 541K, capacity 564K, committed 640K, reserved 1048576K

